[0m20:59:03.356965 [debug] [MainThread]: Sending event: {'category': 'dbt', 'action': 'invocation', 'label': 'start', 'context': [<snowplow_tracker.self_describing_json.SelfDescribingJson object at 0x7f624a59c440>, <snowplow_tracker.self_describing_json.SelfDescribingJson object at 0x7f6249647ed0>, <snowplow_tracker.self_describing_json.SelfDescribingJson object at 0x7f6249647b10>]}


============================== 20:59:03.360644 | a508d8d1-e9f4-40eb-9187-b8bd8995d9e2 ==============================
[0m20:59:03.360644 [info ] [MainThread]: Running with dbt=1.11.2
[0m20:59:03.361123 [debug] [MainThread]: running dbt with arguments {'target_path': 'None', 'printer_width': '80', 'introspect': 'True', 'invocation_command': 'dbt init music_dbt', 'cache_selected_only': 'False', 'warn_error': 'None', 'log_path': 'logs', 'use_experimental_parser': 'False', 'static_parser': 'True', 'indirect_selection': 'eager', 'profiles_dir': '/home/pritham/.dbt', 'write_json': 'True', 'log_format': 'default', 'log_cache_events': 'False', 'quiet': 'False', 'no_print': 'None', 'version_check': 'True', 'use_colors': 'True', 'fail_fast': 'False', 'debug': 'False', 'send_anonymous_usage_stats': 'True', 'partial_parse': 'True', 'warn_error_options': 'WarnErrorOptionsV2(error=[], warn=[], silence=[])', 'empty': 'None'}
[0m20:59:03.385714 [debug] [MainThread]: Starter project path: /run/media/pritham/New Volume/projects/music_rec/rec/lib/python3.13/site-packages/dbt/include/starter_project
[0m20:59:03.528182 [info ] [MainThread]: 
Your new dbt project "music_dbt" was created!

For more information on how to configure the profiles.yml file,
please consult the dbt documentation here:

  https://docs.getdbt.com/docs/configure-your-profile

One more thing:

Need help? Don't hesitate to reach out to us via GitHub issues or on Slack:

  https://community.getdbt.com/

Happy modeling!

[0m20:59:03.528921 [info ] [MainThread]: Setting up your profile.
[0m20:59:18.655661 [debug] [MainThread]: Snowflake adapter: Setting snowflake.connector to ERROR (file logging only)
[0m20:59:18.656470 [debug] [MainThread]: Snowflake adapter: Setting botocore to ERROR (file logging only)
[0m20:59:18.657131 [debug] [MainThread]: Snowflake adapter: Setting boto3 to ERROR (file logging only)
[0m21:01:30.928236 [info ] [MainThread]: Profile music_dbt written to /home/pritham/.dbt/profiles.yml using target's profile_template.yml and your supplied values. Run 'dbt debug' to validate the connection.
[0m21:01:30.930366 [debug] [MainThread]: Resource report: {"command_name": "init", "command_success": true, "command_wall_clock_time": 147.61781, "process_in_blocks": "2048", "process_kernel_time": 0.524558, "process_mem_max_rss": "124964", "process_out_blocks": "148", "process_user_time": 1.347863}
[0m21:01:30.931408 [debug] [MainThread]: Command `dbt init` succeeded at 21:01:30.931230 after 147.62 seconds
[0m21:01:30.932015 [debug] [MainThread]: Sending event: {'category': 'dbt', 'action': 'invocation', 'label': 'end', 'context': [<snowplow_tracker.self_describing_json.SelfDescribingJson object at 0x7f6247d6c3e0>, <snowplow_tracker.self_describing_json.SelfDescribingJson object at 0x7f6247d41130>, <snowplow_tracker.self_describing_json.SelfDescribingJson object at 0x7f6247ebe470>]}
[0m21:01:30.932607 [debug] [MainThread]: Flushing usage events
[0m21:01:32.248878 [debug] [MainThread]: An error was encountered while trying to flush usage events
